<?xml version="1.0" encoding="UTF-8"?>
<testng-results skipped="0" failed="2" ignored="0" total="5" passed="3">
  <reporter-output>
  </reporter-output>
  <suite name="用户管理系统测试套件" duration-ms="8991" started-at="2019-06-17T03:05:16Z" finished-at="2019-06-17T03:05:25Z">
    <groups>
      <group name="login">
        <method signature="TestLogin.testLogin(com.hsl.cn.pojo.LoginCase)[pri:0, instance:com.hsl.cn.cases.TestLogin@3c73951]" name="testLogin" class="com.hsl.cn.cases.TestLogin"/>
      </group> <!-- login -->
    </groups>
    <test name="login" duration-ms="8991" started-at="2019-06-17T03:05:16Z" finished-at="2019-06-17T03:05:25Z">
      <class name="com.hsl.cn.cases.TestSaveUser">
        <test-method status="PASS" signature="springTestContextBeforeTestClass()[pri:0, instance:com.hsl.cn.cases.TestSaveUser@759d26fb]" name="springTestContextBeforeTestClass" is-config="true" duration-ms="0" started-at="2019-06-17T03:05:24Z" finished-at="2019-06-17T03:05:24Z">
          <reporter-output>
          </reporter-output>
        </test-method> <!-- springTestContextBeforeTestClass -->
        <test-method status="PASS" signature="springTestContextPrepareTestInstance()[pri:0, instance:com.hsl.cn.cases.TestSaveUser@759d26fb]" name="springTestContextPrepareTestInstance" is-config="true" duration-ms="9" started-at="2019-06-17T03:05:24Z" depends-on-methods="org.springframework.test.context.testng.AbstractTestNGSpringContextTests.springTestContextBeforeTestClass" finished-at="2019-06-17T03:05:24Z">
          <reporter-output>
          </reporter-output>
        </test-method> <!-- springTestContextPrepareTestInstance -->
        <test-method status="PASS" signature="springTestContextBeforeTestMethod(java.lang.reflect.Method)[pri:0, instance:com.hsl.cn.cases.TestSaveUser@759d26fb]" name="springTestContextBeforeTestMethod" is-config="true" duration-ms="1" started-at="2019-06-17T03:05:25Z" finished-at="2019-06-17T03:05:25Z">
          <params>
            <param index="0">
              <value>
                <![CDATA[public void com.hsl.cn.cases.TestSaveUser.testSaveUser(com.hsl.cn.pojo.SaveUserCase) throws java.io.IOException]]>
              </value>
            </param>
          </params>
          <reporter-output>
          </reporter-output>
        </test-method> <!-- springTestContextBeforeTestMethod -->
        <test-method status="FAIL" signature="testSaveUser(com.hsl.cn.pojo.SaveUserCase)[pri:0, instance:com.hsl.cn.cases.TestSaveUser@759d26fb]" name="testSaveUser" duration-ms="8" depends-on-groups="login" started-at="2019-06-17T03:05:25Z" data-provider="data" finished-at="2019-06-17T03:05:25Z">
          <params>
            <param index="0">
              <value>
                <![CDATA[SaveUserCase(id=0, name=testhsl, pwd=123456, age=15, sex=1, status=0, except=0000, actual=null, priority=null)]]>
              </value>
            </param>
          </params>
          <exception class="java.lang.NullPointerException">
            <full-stacktrace>
              <![CDATA[java.lang.NullPointerException
at org.apache.http.impl.client.CloseableHttpClient.determineTarget(CloseableHttpClient.java:92)
at org.apache.http.impl.client.CloseableHttpClient.execute(CloseableHttpClient.java:83)
at org.apache.http.impl.client.CloseableHttpClient.execute(CloseableHttpClient.java:108)
at com.hsl.cn.cases.TestSaveUser.testSaveUser(TestSaveUser.java:62)
at sun.reflect.NativeMethodAccessorImpl.invoke0(Native Method)
at sun.reflect.NativeMethodAccessorImpl.invoke(NativeMethodAccessorImpl.java:62)
at sun.reflect.DelegatingMethodAccessorImpl.invoke(DelegatingMethodAccessorImpl.java:43)
at java.lang.reflect.Method.invoke(Method.java:498)
at org.testng.internal.MethodInvocationHelper.invokeMethod(MethodInvocationHelper.java:124)
at org.testng.internal.MethodInvocationHelper$1.runTestMethod(MethodInvocationHelper.java:230)
at org.springframework.test.context.testng.AbstractTestNGSpringContextTests.run(AbstractTestNGSpringContextTests.java:180)
at org.testng.internal.MethodInvocationHelper.invokeHookable(MethodInvocationHelper.java:242)
at org.testng.internal.Invoker.invokeMethod(Invoker.java:579)
at org.testng.internal.Invoker.invokeTestMethod(Invoker.java:719)
at org.testng.internal.Invoker.invokeTestMethods(Invoker.java:989)
at org.testng.internal.TestMethodWorker.invokeTestMethods(TestMethodWorker.java:125)
at org.testng.internal.TestMethodWorker.run(TestMethodWorker.java:109)
at org.testng.TestRunner.privateRun(TestRunner.java:648)
at org.testng.TestRunner.run(TestRunner.java:505)
at org.testng.SuiteRunner.runTest(SuiteRunner.java:455)
at org.testng.SuiteRunner.runSequentially(SuiteRunner.java:450)
at org.testng.SuiteRunner.privateRun(SuiteRunner.java:415)
at org.testng.SuiteRunner.run(SuiteRunner.java:364)
at org.testng.SuiteRunnerWorker.runSuite(SuiteRunnerWorker.java:52)
at org.testng.SuiteRunnerWorker.run(SuiteRunnerWorker.java:84)
at org.testng.TestNG.runSuitesSequentially(TestNG.java:1208)
at org.testng.TestNG.runSuitesLocally(TestNG.java:1137)
at org.testng.TestNG.runSuites(TestNG.java:1049)
at org.testng.TestNG.run(TestNG.java:1017)
at org.apache.maven.surefire.testng.TestNGExecutor.run(TestNGExecutor.java:293)
at org.apache.maven.surefire.testng.TestNGXmlTestSuite.execute(TestNGXmlTestSuite.java:84)
at org.apache.maven.surefire.testng.TestNGProvider.invoke(TestNGProvider.java:91)
at org.apache.maven.surefire.booter.ForkedBooter.invokeProviderInSameClassLoader(ForkedBooter.java:200)
at org.apache.maven.surefire.booter.ForkedBooter.runSuitesInProcess(ForkedBooter.java:153)
at org.apache.maven.surefire.booter.ForkedBooter.main(ForkedBooter.java:103)
]]>
            </full-stacktrace>
          </exception> <!-- java.lang.NullPointerException -->
          <reporter-output>
          </reporter-output>
        </test-method> <!-- testSaveUser -->
        <test-method status="PASS" signature="springTestContextAfterTestMethod(java.lang.reflect.Method)[pri:0, instance:com.hsl.cn.cases.TestSaveUser@759d26fb]" name="springTestContextAfterTestMethod" is-config="true" duration-ms="0" started-at="2019-06-17T03:05:25Z" finished-at="2019-06-17T03:05:25Z">
          <params>
            <param index="0">
              <value>
                <![CDATA[public void com.hsl.cn.cases.TestSaveUser.testSaveUser(com.hsl.cn.pojo.SaveUserCase) throws java.io.IOException]]>
              </value>
            </param>
          </params>
          <reporter-output>
          </reporter-output>
        </test-method> <!-- springTestContextAfterTestMethod -->
        <test-method status="PASS" signature="springTestContextBeforeTestMethod(java.lang.reflect.Method)[pri:0, instance:com.hsl.cn.cases.TestSaveUser@759d26fb]" name="springTestContextBeforeTestMethod" is-config="true" duration-ms="1" started-at="2019-06-17T03:05:25Z" finished-at="2019-06-17T03:05:25Z">
          <params>
            <param index="0">
              <value>
                <![CDATA[public void com.hsl.cn.cases.TestSaveUser.testSaveUser(com.hsl.cn.pojo.SaveUserCase) throws java.io.IOException]]>
              </value>
            </param>
          </params>
          <reporter-output>
          </reporter-output>
        </test-method> <!-- springTestContextBeforeTestMethod -->
        <test-method status="FAIL" signature="testSaveUser(com.hsl.cn.pojo.SaveUserCase)[pri:0, instance:com.hsl.cn.cases.TestSaveUser@759d26fb]" name="testSaveUser" duration-ms="2" depends-on-groups="login" started-at="2019-06-17T03:05:25Z" data-provider="data" finished-at="2019-06-17T03:05:25Z">
          <params>
            <param index="0">
              <value>
                <![CDATA[SaveUserCase(id=1, name=testsherry, pwd=123456, age=30, sex=0, status=0, except=null, actual=null, priority=null)]]>
              </value>
            </param>
          </params>
          <exception class="java.lang.NullPointerException">
            <full-stacktrace>
              <![CDATA[java.lang.NullPointerException
at org.apache.http.impl.client.CloseableHttpClient.determineTarget(CloseableHttpClient.java:92)
at org.apache.http.impl.client.CloseableHttpClient.execute(CloseableHttpClient.java:83)
at org.apache.http.impl.client.CloseableHttpClient.execute(CloseableHttpClient.java:108)
at com.hsl.cn.cases.TestSaveUser.testSaveUser(TestSaveUser.java:62)
at sun.reflect.NativeMethodAccessorImpl.invoke0(Native Method)
at sun.reflect.NativeMethodAccessorImpl.invoke(NativeMethodAccessorImpl.java:62)
at sun.reflect.DelegatingMethodAccessorImpl.invoke(DelegatingMethodAccessorImpl.java:43)
at java.lang.reflect.Method.invoke(Method.java:498)
at org.testng.internal.MethodInvocationHelper.invokeMethod(MethodInvocationHelper.java:124)
at org.testng.internal.MethodInvocationHelper$1.runTestMethod(MethodInvocationHelper.java:230)
at org.springframework.test.context.testng.AbstractTestNGSpringContextTests.run(AbstractTestNGSpringContextTests.java:180)
at org.testng.internal.MethodInvocationHelper.invokeHookable(MethodInvocationHelper.java:242)
at org.testng.internal.Invoker.invokeMethod(Invoker.java:579)
at org.testng.internal.Invoker.invokeTestMethod(Invoker.java:719)
at org.testng.internal.Invoker.invokeTestMethods(Invoker.java:989)
at org.testng.internal.TestMethodWorker.invokeTestMethods(TestMethodWorker.java:125)
at org.testng.internal.TestMethodWorker.run(TestMethodWorker.java:109)
at org.testng.TestRunner.privateRun(TestRunner.java:648)
at org.testng.TestRunner.run(TestRunner.java:505)
at org.testng.SuiteRunner.runTest(SuiteRunner.java:455)
at org.testng.SuiteRunner.runSequentially(SuiteRunner.java:450)
at org.testng.SuiteRunner.privateRun(SuiteRunner.java:415)
at org.testng.SuiteRunner.run(SuiteRunner.java:364)
at org.testng.SuiteRunnerWorker.runSuite(SuiteRunnerWorker.java:52)
at org.testng.SuiteRunnerWorker.run(SuiteRunnerWorker.java:84)
at org.testng.TestNG.runSuitesSequentially(TestNG.java:1208)
at org.testng.TestNG.runSuitesLocally(TestNG.java:1137)
at org.testng.TestNG.runSuites(TestNG.java:1049)
at org.testng.TestNG.run(TestNG.java:1017)
at org.apache.maven.surefire.testng.TestNGExecutor.run(TestNGExecutor.java:293)
at org.apache.maven.surefire.testng.TestNGXmlTestSuite.execute(TestNGXmlTestSuite.java:84)
at org.apache.maven.surefire.testng.TestNGProvider.invoke(TestNGProvider.java:91)
at org.apache.maven.surefire.booter.ForkedBooter.invokeProviderInSameClassLoader(ForkedBooter.java:200)
at org.apache.maven.surefire.booter.ForkedBooter.runSuitesInProcess(ForkedBooter.java:153)
at org.apache.maven.surefire.booter.ForkedBooter.main(ForkedBooter.java:103)
]]>
            </full-stacktrace>
          </exception> <!-- java.lang.NullPointerException -->
          <reporter-output>
          </reporter-output>
        </test-method> <!-- testSaveUser -->
        <test-method status="PASS" signature="springTestContextAfterTestMethod(java.lang.reflect.Method)[pri:0, instance:com.hsl.cn.cases.TestSaveUser@759d26fb]" name="springTestContextAfterTestMethod" is-config="true" duration-ms="0" started-at="2019-06-17T03:05:25Z" finished-at="2019-06-17T03:05:25Z">
          <params>
            <param index="0">
              <value>
                <![CDATA[public void com.hsl.cn.cases.TestSaveUser.testSaveUser(com.hsl.cn.pojo.SaveUserCase) throws java.io.IOException]]>
              </value>
            </param>
          </params>
          <reporter-output>
          </reporter-output>
        </test-method> <!-- springTestContextAfterTestMethod -->
        <test-method status="PASS" signature="springTestContextAfterTestClass()[pri:0, instance:com.hsl.cn.cases.TestSaveUser@759d26fb]" name="springTestContextAfterTestClass" is-config="true" duration-ms="0" started-at="2019-06-17T03:05:25Z" finished-at="2019-06-17T03:05:25Z">
          <reporter-output>
          </reporter-output>
        </test-method> <!-- springTestContextAfterTestClass -->
      </class> <!-- com.hsl.cn.cases.TestSaveUser -->
      <class name="com.hsl.cn.cases.TestLogin">
        <test-method status="PASS" signature="springTestContextBeforeTestClass()[pri:0, instance:com.hsl.cn.cases.TestLogin@3c73951]" name="springTestContextBeforeTestClass" is-config="true" duration-ms="28" started-at="2019-06-17T03:05:16Z" finished-at="2019-06-17T03:05:16Z">
          <reporter-output>
          </reporter-output>
        </test-method> <!-- springTestContextBeforeTestClass -->
        <test-method status="PASS" signature="springTestContextPrepareTestInstance()[pri:0, instance:com.hsl.cn.cases.TestLogin@3c73951]" name="springTestContextPrepareTestInstance" is-config="true" duration-ms="7864" started-at="2019-06-17T03:05:16Z" depends-on-methods="org.springframework.test.context.testng.AbstractTestNGSpringContextTests.springTestContextBeforeTestClass" finished-at="2019-06-17T03:05:23Z">
          <reporter-output>
          </reporter-output>
        </test-method> <!-- springTestContextPrepareTestInstance -->
        <test-method status="PASS" signature="springTestContextBeforeTestMethod(java.lang.reflect.Method)[pri:0, instance:com.hsl.cn.cases.TestLogin@3c73951]" name="springTestContextBeforeTestMethod" is-config="true" duration-ms="2" started-at="2019-06-17T03:05:24Z" finished-at="2019-06-17T03:05:24Z">
          <params>
            <param index="0">
              <value>
                <![CDATA[public void com.hsl.cn.cases.TestLogin.testLogin(com.hsl.cn.pojo.LoginCase) throws java.io.IOException]]>
              </value>
            </param>
          </params>
          <reporter-output>
          </reporter-output>
        </test-method> <!-- springTestContextBeforeTestMethod -->
        <test-method status="PASS" signature="testLogin(com.hsl.cn.pojo.LoginCase)[pri:0, instance:com.hsl.cn.cases.TestLogin@3c73951]" name="testLogin" duration-ms="566" started-at="2019-06-17T03:05:24Z" data-provider="data" finished-at="2019-06-17T03:05:24Z">
          <params>
            <param index="0">
              <value>
                <![CDATA[LoginCase(id=15, name=sherry, pwd=123456, except=null, actual=null, priority=null)]]>
              </value>
            </param>
          </params>
          <reporter-output>
          </reporter-output>
        </test-method> <!-- testLogin -->
        <test-method status="PASS" signature="springTestContextAfterTestMethod(java.lang.reflect.Method)[pri:0, instance:com.hsl.cn.cases.TestLogin@3c73951]" name="springTestContextAfterTestMethod" is-config="true" duration-ms="0" started-at="2019-06-17T03:05:24Z" finished-at="2019-06-17T03:05:24Z">
          <params>
            <param index="0">
              <value>
                <![CDATA[public void com.hsl.cn.cases.TestLogin.testLogin(com.hsl.cn.pojo.LoginCase) throws java.io.IOException]]>
              </value>
            </param>
          </params>
          <reporter-output>
          </reporter-output>
        </test-method> <!-- springTestContextAfterTestMethod -->
        <test-method status="PASS" signature="springTestContextBeforeTestMethod(java.lang.reflect.Method)[pri:0, instance:com.hsl.cn.cases.TestLogin@3c73951]" name="springTestContextBeforeTestMethod" is-config="true" duration-ms="1" started-at="2019-06-17T03:05:24Z" finished-at="2019-06-17T03:05:24Z">
          <params>
            <param index="0">
              <value>
                <![CDATA[public void com.hsl.cn.cases.TestLogin.testLogin(com.hsl.cn.pojo.LoginCase) throws java.io.IOException]]>
              </value>
            </param>
          </params>
          <reporter-output>
          </reporter-output>
        </test-method> <!-- springTestContextBeforeTestMethod -->
        <test-method status="PASS" signature="testLogin(com.hsl.cn.pojo.LoginCase)[pri:0, instance:com.hsl.cn.cases.TestLogin@3c73951]" name="testLogin" duration-ms="31" started-at="2019-06-17T03:05:24Z" data-provider="data" finished-at="2019-06-17T03:05:24Z">
          <params>
            <param index="0">
              <value>
                <![CDATA[LoginCase(id=16, name=sherry, pwd=123456, except=null, actual=null, priority=null)]]>
              </value>
            </param>
          </params>
          <reporter-output>
          </reporter-output>
        </test-method> <!-- testLogin -->
        <test-method status="PASS" signature="springTestContextBeforeTestMethod(java.lang.reflect.Method)[pri:0, instance:com.hsl.cn.cases.TestLogin@3c73951]" name="springTestContextBeforeTestMethod" is-config="true" duration-ms="1" started-at="2019-06-17T03:05:24Z" finished-at="2019-06-17T03:05:24Z">
          <params>
            <param index="0">
              <value>
                <![CDATA[public void com.hsl.cn.cases.TestLogin.testLogin(com.hsl.cn.pojo.LoginCase) throws java.io.IOException]]>
              </value>
            </param>
          </params>
          <reporter-output>
          </reporter-output>
        </test-method> <!-- springTestContextBeforeTestMethod -->
        <test-method status="PASS" signature="springTestContextAfterTestMethod(java.lang.reflect.Method)[pri:0, instance:com.hsl.cn.cases.TestLogin@3c73951]" name="springTestContextAfterTestMethod" is-config="true" duration-ms="0" started-at="2019-06-17T03:05:24Z" finished-at="2019-06-17T03:05:24Z">
          <params>
            <param index="0">
              <value>
                <![CDATA[public void com.hsl.cn.cases.TestLogin.testLogin(com.hsl.cn.pojo.LoginCase) throws java.io.IOException]]>
              </value>
            </param>
          </params>
          <reporter-output>
          </reporter-output>
        </test-method> <!-- springTestContextAfterTestMethod -->
        <test-method status="PASS" signature="testLogin(com.hsl.cn.pojo.LoginCase)[pri:0, instance:com.hsl.cn.cases.TestLogin@3c73951]" name="testLogin" duration-ms="20" started-at="2019-06-17T03:05:24Z" data-provider="data" finished-at="2019-06-17T03:05:24Z">
          <params>
            <param index="0">
              <value>
                <![CDATA[LoginCase(id=17, name=sherry, pwd=123456, except=null, actual=null, priority=null)]]>
              </value>
            </param>
          </params>
          <reporter-output>
          </reporter-output>
        </test-method> <!-- testLogin -->
        <test-method status="PASS" signature="springTestContextAfterTestMethod(java.lang.reflect.Method)[pri:0, instance:com.hsl.cn.cases.TestLogin@3c73951]" name="springTestContextAfterTestMethod" is-config="true" duration-ms="1" started-at="2019-06-17T03:05:24Z" finished-at="2019-06-17T03:05:24Z">
          <params>
            <param index="0">
              <value>
                <![CDATA[public void com.hsl.cn.cases.TestLogin.testLogin(com.hsl.cn.pojo.LoginCase) throws java.io.IOException]]>
              </value>
            </param>
          </params>
          <reporter-output>
          </reporter-output>
        </test-method> <!-- springTestContextAfterTestMethod -->
        <test-method status="PASS" signature="springTestContextAfterTestClass()[pri:0, instance:com.hsl.cn.cases.TestLogin@3c73951]" name="springTestContextAfterTestClass" is-config="true" duration-ms="0" started-at="2019-06-17T03:05:24Z" finished-at="2019-06-17T03:05:24Z">
          <reporter-output>
          </reporter-output>
        </test-method> <!-- springTestContextAfterTestClass -->
      </class> <!-- com.hsl.cn.cases.TestLogin -->
    </test> <!-- login -->
  </suite> <!-- 用户管理系统测试套件 -->
</testng-results>
