<?xml version="1.0" encoding="UTF-8"?>
<testsuite name="TestSuite" time="0.635" tests="5" errors="0" skipped="0" failures="2">
  <properties>
[...]
</properties>
  <testcase name="testLogin" classname="com.hsl.cn.cases.TestLogin" time="0.59"/>
  <testcase name="testLogin" classname="com.hsl.cn.cases.TestLogin" time="0.036"/>
  <testcase name="testLogin" classname="com.hsl.cn.cases.TestLogin" time="0.008"/>
  <testcase name="testSaveUser" classname="com.hsl.cn.cases.TestSaveUser" time="0.001">
    <failure type="java.lang.NullPointerException:">java.lang.NullPointerException: null
	at org.apache.http.impl.client.CloseableHttpClient.determineTarget(CloseableHttpClient.java:92)
	at org.apache.http.impl.client.CloseableHttpClient.execute(CloseableHttpClient.java:83)
	at org.apache.http.impl.client.CloseableHttpClient.execute(CloseableHttpClient.java:108)
	at com.hsl.cn.cases.TestSaveUser.testSaveUser(TestSaveUser.java:62)
</failure>
    <system-out><![CDATA[Hibernate: select saveuserca0_.id as id1_1_, saveuserca0_.actual as actual2_1_, saveuserca0_.age as age3_1_, saveuserca0_.except as except4_1_, saveuserca0_.name as name5_1_, saveuserca0_.priority as priority6_1_, saveuserca0_.pwd as pwd7_1_, saveuserca0_.sex as sex8_1_, saveuserca0_.status as status9_1_ from save_user_case saveuserca0_
2019-06-17 11:05:25.003  INFO 10060 --- [           main] com.hsl.cn.cases.TestSaveUser            : [SaveUserCase(id=0, name=testhsl, pwd=123456, age=15, sex=1, status=0, except=0000, actual=null, priority=null), SaveUserCase(id=1, name=testsherry, pwd=123456, age=30, sex=0, status=0, except=null, actual=null, priority=null)]
]]></system-out>
  </testcase>
  <testcase name="testSaveUser" classname="com.hsl.cn.cases.TestSaveUser" time="0">
    <failure type="java.lang.NullPointerException:">java.lang.NullPointerException: null
	at org.apache.http.impl.client.CloseableHttpClient.determineTarget(CloseableHttpClient.java:92)
	at org.apache.http.impl.client.CloseableHttpClient.execute(CloseableHttpClient.java:83)
	at org.apache.http.impl.client.CloseableHttpClient.execute(CloseableHttpClient.java:108)
	at com.hsl.cn.cases.TestSaveUser.testSaveUser(TestSaveUser.java:62)
</failure>
  </testcase>
</testsuite>